[1;29m[2014-05-18 03:20:01 -0500] [0;0m[1;33mScript execution started.[0;0m
[1;29m[2014-05-18 03:20:01 -0500] [0;0m[1;33mUpdating BNETDocs Redux server tables...[0;0m
[1;29m[2014-05-18 03:20:01 -0500] [0;0m[1;32mConnected to database server.[0;0m
[1;29m[2014-05-18 03:20:01 -0500] [0;0m[1;34mBNET[0;0m server is [1;32monline[0;0m:   uswest.battle.net:6112[0;0m
[1;29m[2014-05-18 03:20:01 -0500] [0;0m[1;34mBNET[0;0m server is [1;32monline[0;0m:   exodus.battle.net:6112[0;0m
[1;29m[2014-05-18 03:20:02 -0500] [0;0m[1;34mBNET[0;0m server is [1;32monline[0;0m:   useast.battle.net:6112[0;0m
[1;29m[2014-05-18 03:20:02 -0500] [0;0m[1;34mBNET[0;0m server is [1;32monline[0;0m:   asia.battle.net:6112[0;0m
[1;29m[2014-05-18 03:20:02 -0500] [0;0m[1;34mBNET[0;0m server is [1;32monline[0;0m:   europe.battle.net:6112[0;0m
[1;29m[2014-05-18 03:20:02 -0500] [0;0m[1;34mBNET[0;0m server is [1;31moffline[0;0m:  beta.battle.net:6112[0;0m
[1;29m[2014-05-18 03:20:02 -0500] [0;0m[1;34mBNET[0;0m server is [1;31moffline[0;0m:  classicbeta.battle.net:6112[0;0m
[1;29m[2014-05-18 03:20:02 -0500] [0;0m[1;34mBNET[0;0m server is [1;32monline[0;0m:   ustest.battle.net:6112[0;0m
[1;29m[2014-05-18 03:20:02 -0500] [0;0m[1;34mBNET[0;0m server is [1;32monline[0;0m:   demo.war3.battle.net:6112[0;0m
[1;29m[2014-05-18 03:20:02 -0500] [0;0m[1;34mBNET[0;0m server is [1;32monline[0;0m:   us.logon.battle.net:1119[0;0m
[1;29m[2014-05-18 03:20:03 -0500] [0;0m[1;34mBNET[0;0m server is [1;32monline[0;0m:   eu.logon.battle.net:1119[0;0m
[1;29m[2014-05-18 03:20:03 -0500] [0;0m[1;34mBNET[0;0m server is [1;32monline[0;0m:   kr.logon.battle.net:1119[0;0m
[1;29m[2014-05-18 03:20:04 -0500] [0;0m[1;34mBNET[0;0m server is [1;32monline[0;0m:   cn.logon.battle.net:1119[0;0m
[1;29m[2014-05-18 03:20:04 -0500] [0;0m[1;34mBNET[0;0m server is [1;32monline[0;0m:   public-test.logon.battle.net:1119[0;0m
[1;29m[2014-05-18 03:20:04 -0500] [0;0m[1;34mBNET[0;0m server is [1;32monline[0;0m:   us.patch.battle.net:1119[0;0m
[1;29m[2014-05-18 03:20:04 -0500] [0;0m[1;34mBNET[0;0m server is [1;32monline[0;0m:   eu.patch.battle.net:1119[0;0m
[1;29m[2014-05-18 03:20:05 -0500] [0;0m[1;34mBNET[0;0m server is [1;32monline[0;0m:   kr.patch.battle.net:1119[0;0m
[1;29m[2014-05-18 03:20:08 -0500] [0;0m[1;34mBNET[0;0m server is [1;32monline[0;0m:   cn.patch.battle.net:1119[0;0m
[1;29m[2014-05-18 03:20:08 -0500] [0;0m[1;34mBNET[0;0m server is [1;32monline[0;0m:   public-test.patch.battle.net:1119[0;0m
[1;29m[2014-05-18 03:20:08 -0500] [0;0m[1;34mBNET[0;0m server is [1;32monline[0;0m:   server.eurobattle.net:6112[0;0m
[1;29m[2014-05-18 03:20:08 -0500] [0;0m[1;34mBNET[0;0m server is [1;31moffline[0;0m:  pvpgn.boredaussie.com:6112[0;0m
[1;29m[2014-05-18 03:20:09 -0500] [0;0m[1;34mBNET[0;0m server is [1;32monline[0;0m:   rubattle.net:6112[0;0m
[1;29m[2014-05-18 03:20:09 -0500] [0;0m[1;34mBNET[0;0m server is [1;32monline[0;0m:   sc.theabyss.ru:6112[0;0m
[1;29m[2014-05-18 03:20:09 -0500] [0;0m[1;34mBNET[0;0m server is [1;32monline[0;0m:   bnetd.fishbattle.net:6112[0;0m
[1;29m[2014-05-18 03:20:18 -0500] [0;0m[1;34mBNET[0;0m server is [1;31moffline[0;0m:  svr1.no-ip.org:6112[0;0m
[1;29m[2014-05-18 03:20:23 -0500] [0;0m[1;34mBNET[0;0m server is [1;31moffline[0;0m:  vetsvr.no-ip.org:6112[0;0m
[1;29m[2014-05-18 03:20:23 -0500] [0;0m[1;35mBNLS[0;0m server is [1;32monline[0;0m:   bnls.net:9367[0;0m
[1;29m[2014-05-18 03:20:23 -0500] [0;0m[1;35mBNLS[0;0m server is [1;32monline[0;0m:   bnls.mattkv.net:9367[0;0m
[1;29m[2014-05-18 03:20:23 -0500] [0;0m[1;35mBNLS[0;0m server is [1;32monline[0;0m:   phix.no-ip.org:9367[0;0m
[1;29m[2014-05-18 03:20:23 -0500] [0;0m[1;35mBNLS[0;0m server is [1;32monline[0;0m:   bnls.anubisdev.net:9367[0;0m
[1;29m[2014-05-18 03:20:23 -0500] [0;0m[1;35mBNLS[0;0m server is [1;32monline[0;0m:   pyro.no-ip.biz:9367[0;0m
[1;29m[2014-05-18 03:20:23 -0500] [0;0m[1;35mBNLS[0;0m server is [1;32monline[0;0m:   vectorjbls.no-ip.org:9367[0;0m
[1;29m[2014-05-18 03:20:23 -0500] [0;0m[1;35mBNLS[0;0m server is [1;31moffline[0;0m:  knight.mattkv.net:9367[0;0m
[1;29m[2014-05-18 03:20:23 -0500] [0;0m[1;35mBNLS[0;0m server is [1;31moffline[0;0m:  bnls.war-lords.net:9367[0;0m
[1;29m[2014-05-18 03:20:23 -0500] [0;0m[1;33mUpdating BNETDocs Phoenix server table...[0;0m
[1;29m[2014-05-18 03:20:23 -0500] [0;0m[1;32mConnected to database server.[0;0m
[1;29m[2014-05-18 03:20:23 -0500] [0;0mServer [1;36m1[0;0m is [1;32monline[0;0m:   uswest.battle.net:6112[0;0m
[1;29m[2014-05-18 03:20:23 -0500] [0;0mServer [1;36m2[0;0m is [1;32monline[0;0m:   exodus.battle.net:6112[0;0m
[1;29m[2014-05-18 03:20:23 -0500] [0;0mServer [1;36m3[0;0m is [1;32monline[0;0m:   useast.battle.net:6112[0;0m
[1;29m[2014-05-18 03:20:24 -0500] [0;0mServer [1;36m4[0;0m is [1;32monline[0;0m:   asia.battle.net:6112[0;0m
[1;29m[2014-05-18 03:20:24 -0500] [0;0mServer [1;36m5[0;0m is [1;32monline[0;0m:   europe.battle.net:6112[0;0m
[1;29m[2014-05-18 03:20:24 -0500] [0;0mServer [1;36m6[0;0m is [1;31moffline[0;0m:  beta.battle.net:6112[0;0m
[1;29m[2014-05-18 03:20:24 -0500] [0;0mServer [1;36m7[0;0m is [1;31moffline[0;0m:  classicbeta.battle.net:6112[0;0m
[1;29m[2014-05-18 03:20:24 -0500] [0;0mServer [1;36m8[0;0m is [1;32monline[0;0m:   ustest.battle.net:6112[0;0m
[1;29m[2014-05-18 03:20:24 -0500] [0;0mServer [1;36m9[0;0m is [1;32monline[0;0m:   demo.war3.battle.net:6112[0;0m
[1;29m[2014-05-18 03:20:24 -0500] [0;0mServer [1;36m10[0;0m is [1;32monline[0;0m:   us.logon.battle.net:1119[0;0m
[1;29m[2014-05-18 03:20:24 -0500] [0;0mServer [1;36m11[0;0m is [1;32monline[0;0m:   eu.logon.battle.net:1119[0;0m
[1;29m[2014-05-18 03:20:24 -0500] [0;0mServer [1;36m12[0;0m is [1;32monline[0;0m:   kr.logon.battle.net:1119[0;0m
[1;29m[2014-05-18 03:20:25 -0500] [0;0mServer [1;36m13[0;0m is [1;32monline[0;0m:   cn.logon.battle.net:1119[0;0m
[1;29m[2014-05-18 03:20:25 -0500] [0;0mServer [1;36m14[0;0m is [1;32monline[0;0m:   public-test.logon.battle.net:1119[0;0m
[1;29m[2014-05-18 03:20:25 -0500] [0;0mServer [1;36m15[0;0m is [1;32monline[0;0m:   us.patch.battle.net:1119[0;0m
[1;29m[2014-05-18 03:20:25 -0500] [0;0mServer [1;36m16[0;0m is [1;32monline[0;0m:   eu.patch.battle.net:1119[0;0m
[1;29m[2014-05-18 03:20:25 -0500] [0;0mServer [1;36m17[0;0m is [1;32monline[0;0m:   kr.patch.battle.net:1119[0;0m
[1;29m[2014-05-18 03:20:26 -0500] [0;0mServer [1;36m18[0;0m is [1;32monline[0;0m:   cn.patch.battle.net:1119[0;0m
[1;29m[2014-05-18 03:20:26 -0500] [0;0mServer [1;36m19[0;0m is [1;32monline[0;0m:   public-test.patch.battle.net:1119[0;0m
[1;29m[2014-05-18 03:20:27 -0500] [0;0mServer [1;36m20[0;0m is [1;32monline[0;0m:   server.eurobattle.net:6112[0;0m
[1;29m[2014-05-18 03:20:27 -0500] [0;0mServer [1;36m21[0;0m is [1;31moffline[0;0m:  pvpgn.boredaussie.com:6112[0;0m
[1;29m[2014-05-18 03:20:27 -0500] [0;0mServer [1;36m22[0;0m is [1;32monline[0;0m:   rubattle.net:6112[0;0m
[1;29m[2014-05-18 03:20:27 -0500] [0;0mServer [1;36m23[0;0m is [1;32monline[0;0m:   sc.theabyss.ru:6112[0;0m
[1;29m[2014-05-18 03:20:27 -0500] [0;0mServer [1;36m24[0;0m is [1;32monline[0;0m:   bnetd.fishbattle.net:6112[0;0m
[1;29m[2014-05-18 03:20:32 -0500] [0;0mServer [1;36m25[0;0m is [1;31moffline[0;0m:  svr1.no-ip.org:6112[0;0m
[1;29m[2014-05-18 03:20:37 -0500] [0;0mServer [1;36m26[0;0m is [1;31moffline[0;0m:  vetsvr.no-ip.org:6112[0;0m
[1;29m[2014-05-18 03:20:37 -0500] [0;0mServer [1;36m27[0;0m is [1;32monline[0;0m:   bnls.net:9367[0;0m
[1;29m[2014-05-18 03:20:37 -0500] [0;0mServer [1;36m28[0;0m is [1;32monline[0;0m:   bnls.mattkv.net:9367[0;0m
[1;29m[2014-05-18 03:20:37 -0500] [0;0mServer [1;36m29[0;0m is [1;32monline[0;0m:   phix.no-ip.org:9367[0;0m
[1;29m[2014-05-18 03:20:37 -0500] [0;0mServer [1;36m30[0;0m is [1;32monline[0;0m:   bnls.anubisdev.net:9367[0;0m
[1;29m[2014-05-18 03:20:37 -0500] [0;0mServer [1;36m31[0;0m is [1;32monline[0;0m:   pyro.no-ip.biz:9367[0;0m
[1;29m[2014-05-18 03:20:38 -0500] [0;0mServer [1;36m32[0;0m is [1;32monline[0;0m:   vectorjbls.no-ip.org:9367[0;0m
[1;29m[2014-05-18 03:20:38 -0500] [0;0mServer [1;36m33[0;0m is [1;31moffline[0;0m:  knight.mattkv.net:9367[0;0m
[1;29m[2014-05-18 03:20:38 -0500] [0;0mServer [1;36m34[0;0m is [1;31moffline[0;0m:  bnls.war-lords.net:9367[0;0m
[1;29m[2014-05-18 03:20:38 -0500] [0;0mServer [1;36m35[0;0m is [1;32monline[0;0m:   jailout2000.com:10011[0;0m
[1;29m[2014-05-18 03:20:38 -0500] [0;0mServer [1;36m36[0;0m is [1;31moffline[0;0m:  jailout2000.com:25565[0;0m
[1;29m[2014-05-18 03:20:38 -0500] [0;0m[1;33mAdding log entry to records...[0;0m
[1;29m[2014-05-18 03:20:38 -0500] [0;0m[1;32mConnected to database server.[0;0m
[1;29m[2014-05-18 03:20:38 -0500] [0;0m[1;32mLog entry recorded to logs table.[0;0m
[1;29m[2014-05-18 03:20:38 -0500] [0;0m[1;32mLog entry recorded to filesystem.[0;0m
[1;29m[2014-05-18 03:20:38 -0500] [0;0m[1;33mScript execution finished in [4;33m36.58s[0;33m[1;33m.[0;0m
